[debug] [2022-06-04T09:47:16.853Z] ----------------------------------------------------------------------
[debug] [2022-06-04T09:47:16.857Z] Command:       F:\Program Files\nodejs\node.exe C:\Users\Compro\AppData\Roaming\npm\node_modules\firebase-tools\lib\bin\firebase.js deploy
[debug] [2022-06-04T09:47:16.858Z] CLI Version:   10.2.1
[debug] [2022-06-04T09:47:16.858Z] Platform:      win32
[debug] [2022-06-04T09:47:16.858Z] Node Version:  v14.17.6
[debug] [2022-06-04T09:47:16.860Z] Time:          Sat Jun 04 2022 02:47:16 GMT-0700 (Pacific Daylight Time)
[debug] [2022-06-04T09:47:16.860Z] ----------------------------------------------------------------------
[debug] 
[debug] [2022-06-04T09:47:17.002Z] > command requires scopes: ["email","openid","https://www.googleapis.com/auth/cloudplatformprojects.readonly","https://www.googleapis.com/auth/firebase","https://www.googleapis.com/auth/cloud-platform"]
[debug] [2022-06-04T09:47:17.003Z] > authorizing via signed-in user (sufiyanmuhammad041@gmail.com)
[debug] [2022-06-04T09:47:17.003Z] [iam] checking project sufi-footwear-e4c54 for permissions ["firebase.projects.get","firebasehosting.sites.update"]
[debug] [2022-06-04T09:47:17.007Z] >>> [apiv2][query] POST https://cloudresourcemanager.googleapis.com/v1/projects/sufi-footwear-e4c54:testIamPermissions [none]
[debug] [2022-06-04T09:47:17.007Z] >>> [apiv2][body] POST https://cloudresourcemanager.googleapis.com/v1/projects/sufi-footwear-e4c54:testIamPermissions {"permissions":["firebase.projects.get","firebasehosting.sites.update"]}
[debug] [2022-06-04T09:47:18.583Z] <<< [apiv2][status] POST https://cloudresourcemanager.googleapis.com/v1/projects/sufi-footwear-e4c54:testIamPermissions 200
[debug] [2022-06-04T09:47:18.583Z] <<< [apiv2][body] POST https://cloudresourcemanager.googleapis.com/v1/projects/sufi-footwear-e4c54:testIamPermissions {}
[debug] [2022-06-04T09:47:18.584Z] [iam] error while checking permissions, command may fail: FirebaseError: Authorization failed. This account is missing the following required permissions on project sufi-footwear-e4c54:

  firebase.projects.get
  firebasehosting.sites.update
[debug] [2022-06-04T09:47:18.586Z] >>> [apiv2][query] GET https://firebase.googleapis.com/v1beta1/projects/sufi-footwear-e4c54 [none]
[debug] [2022-06-04T09:47:19.094Z] <<< [apiv2][status] GET https://firebase.googleapis.com/v1beta1/projects/sufi-footwear-e4c54 403
[debug] [2022-06-04T09:47:19.095Z] <<< [apiv2][body] GET https://firebase.googleapis.com/v1beta1/projects/sufi-footwear-e4c54 {"error":{"code":403,"message":"The caller does not have permission","status":"PERMISSION_DENIED"}}
[debug] [2022-06-04T09:47:19.095Z] HTTP Error: 403, The caller does not have permission
[debug] [2022-06-04T09:47:19.406Z] FirebaseError: HTTP Error: 403, The caller does not have permission
    at module.exports (C:\Users\Compro\AppData\Roaming\npm\node_modules\firebase-tools\lib\responseToError.js:47:12)
    at RetryOperation._fn (C:\Users\Compro\AppData\Roaming\npm\node_modules\firebase-tools\lib\apiv2.js:286:39)
    at processTicksAndRejections (internal/process/task_queues.js:95:5)
[error] 
[error] Error: Failed to get Firebase project sufi-footwear-e4c54. Please make sure the project exists and your account has permission to access it.
